{
  "stats": {
    "suites": 3,
    "tests": 4,
    "passes": 4,
    "pending": 0,
    "failures": 0,
    "start": "2022-07-01T19:16:40.276Z",
    "end": "2022-07-01T19:18:26.849Z",
    "duration": 106573,
    "testsRegistered": 4,
    "passPercent": 100,
    "pendingPercent": 0,
    "other": 0,
    "hasOther": false,
    "skipped": 0,
    "hasSkipped": false
  },
  "results": [
    {
      "uuid": "53a5b3a2-b8ee-4e2a-b43e-eb91e26b63f4",
      "title": "",
      "fullFile": "",
      "file": "",
      "beforeHooks": [],
      "afterHooks": [],
      "tests": [],
      "suites": [
        {
          "uuid": "a83170a7-5ea2-4d6b-b13b-40e182d34853",
          "title": "Login",
          "fullFile": "C:\\Users\\USUARIO1\\Desktop\\cursoAutomacaoMobile\\features\\basic.feature",
          "file": "\\features\\basic.feature",
          "beforeHooks": [
            {
              "title": "\"before all\" hook: codeceptjs.beforeSuite in \"Login\"",
              "fullTitle": "Login \"before all\" hook: codeceptjs.beforeSuite in \"Login\"",
              "timedOut": false,
              "duration": 2,
              "state": null,
              "speed": null,
              "pass": false,
              "fail": false,
              "pending": false,
              "context": null,
              "code": "scenario.suiteSetup(suite)",
              "err": {},
              "uuid": "52a48a5c-f2c9-454b-84a3-647a83d53b70",
              "parentUUID": "a83170a7-5ea2-4d6b-b13b-40e182d34853",
              "isHook": true,
              "skipped": false
            },
            {
              "title": "\"before each\" hook: codeceptjs.before in \"Login\"",
              "fullTitle": "Login \"before each\" hook: codeceptjs.before in \"Login\"",
              "timedOut": false,
              "duration": 13872,
              "state": null,
              "speed": null,
              "pass": false,
              "fail": false,
              "pending": false,
              "context": null,
              "code": "scenario.setup(suite)",
              "err": {},
              "uuid": "0d852984-2d88-48e1-9191-599247856911",
              "parentUUID": "a83170a7-5ea2-4d6b-b13b-40e182d34853",
              "isHook": true,
              "skipped": false
            }
          ],
          "afterHooks": [
            {
              "title": "\"after all\" hook: codeceptjs.afterSuite in \"Login\"",
              "fullTitle": "Login \"after all\" hook: codeceptjs.afterSuite in \"Login\"",
              "timedOut": false,
              "duration": 1,
              "state": null,
              "speed": null,
              "pass": false,
              "fail": false,
              "pending": false,
              "context": null,
              "code": "scenario.suiteTeardown(suite)",
              "err": {},
              "uuid": "759d4123-863f-4949-940a-3ff168ab7a2a",
              "parentUUID": "a83170a7-5ea2-4d6b-b13b-40e182d34853",
              "isHook": true,
              "skipped": false
            },
            {
              "title": "\"after each\" hook: codeceptjs.after in \"Login\"",
              "fullTitle": "Login \"after each\" hook: codeceptjs.after in \"Login\"",
              "timedOut": false,
              "duration": 1129,
              "state": null,
              "speed": null,
              "pass": false,
              "fail": false,
              "pending": false,
              "context": null,
              "code": "scenario.teardown(suite)",
              "err": {},
              "uuid": "572c403b-fe9f-41da-9e28-b619a36acc66",
              "parentUUID": "a83170a7-5ea2-4d6b-b13b-40e182d34853",
              "isHook": true,
              "skipped": false
            }
          ],
          "tests": [
            {
              "title": "Login with sucess",
              "fullTitle": "Login Login with sucess",
              "timedOut": false,
              "duration": 8451,
              "state": "passed",
              "speed": "slow",
              "pass": true,
              "fail": false,
              "pending": false,
              "context": null,
              "code": "runSteps(child.steps)",
              "err": {},
              "uuid": "0e8b363a-628a-4973-aa17-4211ddff9864",
              "parentUUID": "a83170a7-5ea2-4d6b-b13b-40e182d34853",
              "isHook": false,
              "skipped": false
            }
          ],
          "suites": [],
          "passes": [
            "0e8b363a-628a-4973-aa17-4211ddff9864"
          ],
          "failures": [],
          "pending": [],
          "skipped": [],
          "duration": 8451,
          "root": false,
          "rootEmpty": false,
          "_timeout": 0
        },
        {
          "uuid": "82b422ca-fe73-429f-a779-35b752f086f2",
          "title": "login",
          "fullFile": "C:\\Users\\USUARIO1\\Desktop\\cursoAutomacaoMobile\\steps\\login_test.js",
          "file": "\\steps\\login_test.js",
          "beforeHooks": [
            {
              "title": "\"before all\" hook: codeceptjs.beforeSuite in \"login\"",
              "fullTitle": "login \"before all\" hook: codeceptjs.beforeSuite in \"login\"",
              "timedOut": false,
              "duration": 0,
              "state": null,
              "speed": null,
              "pass": false,
              "fail": false,
              "pending": false,
              "context": null,
              "code": "scenario.suiteSetup(suite)",
              "err": {},
              "uuid": "02ea4b75-e019-4b2c-865d-bb89c018769c",
              "parentUUID": "82b422ca-fe73-429f-a779-35b752f086f2",
              "isHook": true,
              "skipped": false
            },
            {
              "title": "\"before all\" hook: BeforeSuite in \"login\"",
              "fullTitle": "login \"before all\" hook: BeforeSuite in \"login\"",
              "timedOut": false,
              "duration": 8,
              "state": null,
              "speed": null,
              "pass": false,
              "fail": false,
              "pending": false,
              "context": null,
              "code": "console.log('Before Suite')",
              "err": {},
              "uuid": "18d194ad-c0eb-4506-8fe9-7f78f85f70d8",
              "parentUUID": "82b422ca-fe73-429f-a779-35b752f086f2",
              "isHook": true,
              "skipped": false
            },
            {
              "title": "\"before each\" hook: codeceptjs.before in \"login\"",
              "fullTitle": "login \"before each\" hook: codeceptjs.before in \"login\"",
              "timedOut": false,
              "duration": 16802,
              "state": null,
              "speed": null,
              "pass": false,
              "fail": false,
              "pending": false,
              "context": null,
              "code": "scenario.setup(suite)",
              "err": {},
              "uuid": "cd4d3020-981c-498d-9111-740e172c4d13",
              "parentUUID": "82b422ca-fe73-429f-a779-35b752f086f2",
              "isHook": true,
              "skipped": false
            },
            {
              "title": "\"before each\" hook: Before in \"login\"",
              "fullTitle": "login \"before each\" hook: Before in \"login\"",
              "timedOut": false,
              "duration": 2,
              "state": null,
              "speed": null,
              "pass": false,
              "fail": false,
              "pending": false,
              "context": null,
              "code": "console.log('Before Cenario')",
              "err": {},
              "uuid": "8ea84a5a-750c-493f-9150-d984328adc24",
              "parentUUID": "82b422ca-fe73-429f-a779-35b752f086f2",
              "isHook": true,
              "skipped": false
            }
          ],
          "afterHooks": [
            {
              "title": "\"after all\" hook: AfterSuite in \"login\"",
              "fullTitle": "login \"after all\" hook: AfterSuite in \"login\"",
              "timedOut": false,
              "duration": 4,
              "state": null,
              "speed": null,
              "pass": false,
              "fail": false,
              "pending": false,
              "context": null,
              "code": "console.log('After Suite')",
              "err": {},
              "uuid": "abf5e963-254d-4a5c-be8a-68bb7ec41c23",
              "parentUUID": "82b422ca-fe73-429f-a779-35b752f086f2",
              "isHook": true,
              "skipped": false
            },
            {
              "title": "\"after all\" hook: codeceptjs.afterSuite in \"login\"",
              "fullTitle": "login \"after all\" hook: codeceptjs.afterSuite in \"login\"",
              "timedOut": false,
              "duration": 0,
              "state": null,
              "speed": null,
              "pass": false,
              "fail": false,
              "pending": false,
              "context": null,
              "code": "scenario.suiteTeardown(suite)",
              "err": {},
              "uuid": "32fb6745-cc3f-43fe-a01a-4aa049d230f4",
              "parentUUID": "82b422ca-fe73-429f-a779-35b752f086f2",
              "isHook": true,
              "skipped": false
            },
            {
              "title": "\"after each\" hook: After in \"login\"",
              "fullTitle": "login \"after each\" hook: After in \"login\"",
              "timedOut": false,
              "duration": 4,
              "state": null,
              "speed": null,
              "pass": false,
              "fail": false,
              "pending": false,
              "context": null,
              "code": "console.log('After Cenario')",
              "err": {},
              "uuid": "bbe7e0ef-53a3-4460-ab48-322325b82998",
              "parentUUID": "82b422ca-fe73-429f-a779-35b752f086f2",
              "isHook": true,
              "skipped": false
            },
            {
              "title": "\"after each\" hook: finalize codeceptjs in \"login\"",
              "fullTitle": "login \"after each\" hook: finalize codeceptjs in \"login\"",
              "timedOut": false,
              "duration": 1498,
              "state": null,
              "speed": null,
              "pass": false,
              "fail": false,
              "pending": false,
              "context": null,
              "code": "scenario.teardown(suite)",
              "err": {},
              "uuid": "a6ddde7b-bfec-4c22-819c-be811fc0f813",
              "parentUUID": "82b422ca-fe73-429f-a779-35b752f086f2",
              "isHook": true,
              "skipped": false
            }
          ],
          "tests": [
            {
              "title": "Login with sucess",
              "fullTitle": "login: Login with sucess",
              "timedOut": false,
              "duration": 8530,
              "state": "passed",
              "speed": "slow",
              "pass": true,
              "fail": false,
              "pending": false,
              "context": null,
              "code": "I.waitForElement('~email', 20);\n    login_page.doLogin('teste@teste.com', '123456');\n    home_page.checkLoginSucess();",
              "err": {},
              "uuid": "c538ae84-9ba5-4c97-a8ad-f380b2cf652a",
              "parentUUID": "82b422ca-fe73-429f-a779-35b752f086f2",
              "isHook": false,
              "skipped": false
            },
            {
              "title": "Login with error",
              "fullTitle": "login: Login with error",
              "timedOut": false,
              "duration": 6074,
              "state": "passed",
              "speed": "slow",
              "pass": true,
              "fail": false,
              "pending": false,
              "context": null,
              "code": "I.waitForElement('~email', 20);\n    login_page.doLogin('teste@tete.com', '123456')\n    login_page.checkLoginError();",
              "err": {},
              "uuid": "94f323f5-82d8-43c8-8d29-ad445bda37f2",
              "parentUUID": "82b422ca-fe73-429f-a779-35b752f086f2",
              "isHook": false,
              "skipped": false
            }
          ],
          "suites": [],
          "passes": [
            "c538ae84-9ba5-4c97-a8ad-f380b2cf652a",
            "94f323f5-82d8-43c8-8d29-ad445bda37f2"
          ],
          "failures": [],
          "pending": [],
          "skipped": [],
          "duration": 14604,
          "root": false,
          "rootEmpty": false,
          "_timeout": 0
        },
        {
          "uuid": "f32e0eb5-1182-441d-a14c-246f709a2f7d",
          "title": "Students",
          "fullFile": "C:\\Users\\USUARIO1\\Desktop\\cursoAutomacaoMobile\\steps\\students_test.js",
          "file": "\\steps\\students_test.js",
          "beforeHooks": [
            {
              "title": "\"before all\" hook: codeceptjs.beforeSuite in \"Students\"",
              "fullTitle": "Students \"before all\" hook: codeceptjs.beforeSuite in \"Students\"",
              "timedOut": false,
              "duration": 0,
              "state": null,
              "speed": null,
              "pass": false,
              "fail": false,
              "pending": false,
              "context": null,
              "code": "scenario.suiteSetup(suite)",
              "err": {},
              "uuid": "ad96392e-ce41-4b17-9542-cafb3371e2b1",
              "parentUUID": "f32e0eb5-1182-441d-a14c-246f709a2f7d",
              "isHook": true,
              "skipped": false
            },
            {
              "title": "\"before each\" hook: codeceptjs.before in \"Students\"",
              "fullTitle": "Students \"before each\" hook: codeceptjs.before in \"Students\"",
              "timedOut": false,
              "duration": 15734,
              "state": null,
              "speed": null,
              "pass": false,
              "fail": false,
              "pending": false,
              "context": null,
              "code": "scenario.setup(suite)",
              "err": {},
              "uuid": "c68acd0d-137e-4a84-89e0-566ed1d3b585",
              "parentUUID": "f32e0eb5-1182-441d-a14c-246f709a2f7d",
              "isHook": true,
              "skipped": false
            }
          ],
          "afterHooks": [
            {
              "title": "\"after all\" hook: codeceptjs.afterSuite in \"Students\"",
              "fullTitle": "Students \"after all\" hook: codeceptjs.afterSuite in \"Students\"",
              "timedOut": false,
              "duration": 0,
              "state": null,
              "speed": null,
              "pass": false,
              "fail": false,
              "pending": false,
              "context": null,
              "code": "scenario.suiteTeardown(suite)",
              "err": {},
              "uuid": "2215f57b-a2f3-47cb-a855-175cf459a68b",
              "parentUUID": "f32e0eb5-1182-441d-a14c-246f709a2f7d",
              "isHook": true,
              "skipped": false
            },
            {
              "title": "\"after each\" hook: finalize codeceptjs in \"Students\"",
              "fullTitle": "Students \"after each\" hook: finalize codeceptjs in \"Students\"",
              "timedOut": false,
              "duration": 1287,
              "state": null,
              "speed": null,
              "pass": false,
              "fail": false,
              "pending": false,
              "context": null,
              "code": "scenario.teardown(suite)",
              "err": {},
              "uuid": "75e06b2a-7982-4cec-8c28-76ca9ee01b37",
              "parentUUID": "f32e0eb5-1182-441d-a14c-246f709a2f7d",
              "isHook": true,
              "skipped": false
            }
          ],
          "tests": [
            {
              "title": "test something",
              "fullTitle": "Students: test something",
              "timedOut": false,
              "duration": 14359,
              "state": "passed",
              "speed": "slow",
              "pass": true,
              "fail": false,
              "pending": false,
              "context": null,
              "code": "const code = '9090';\n    const name = 'Rodrigo Amaro'\n    const email = 'teste@teste.com';\n    const password = '123456'\n    I.waitForElement('~email', 20);\n    login_page.doLogin(email, password);\n    home_page.fillCode(code);\n    home_page.fillName(name);\n    home_page.tapSalvar();\n    home_page.fillSearch(name);\n    home_page.checkStudent(code);",
              "err": {},
              "uuid": "df1eafcb-867d-4401-9208-bc8c82deff29",
              "parentUUID": "f32e0eb5-1182-441d-a14c-246f709a2f7d",
              "isHook": false,
              "skipped": false
            }
          ],
          "suites": [],
          "passes": [
            "df1eafcb-867d-4401-9208-bc8c82deff29"
          ],
          "failures": [],
          "pending": [],
          "skipped": [],
          "duration": 14359,
          "root": false,
          "rootEmpty": false,
          "_timeout": 0
        }
      ],
      "passes": [],
      "failures": [],
      "pending": [],
      "skipped": [],
      "duration": 0,
      "root": true,
      "rootEmpty": true,
      "_timeout": 0
    }
  ],
  "meta": {
    "mocha": {
      "version": "8.1.3"
    },
    "mochawesome": {
      "options": {
        "quiet": false,
        "reportFilename": "mochawesome",
        "saveHtml": true,
        "saveJson": true,
        "consoleReporter": "spec",
        "useInlineDiffs": false,
        "code": true
      },
      "version": "7.1.3"
    },
    "marge": {
      "options": {},
      "version": "6.2.0"
    }
  }
}